[2023-12-12T04:32:10.155+0000] {taskinstance.py:1103} INFO - Dependencies all met for dep_context=non-requeueable deps ti=<TaskInstance: IT_to_Pinecone_dag.GCS_to_Pinecone scheduled__2023-12-11T02:00:00+00:00 [queued]>
[2023-12-12T04:32:10.169+0000] {taskinstance.py:1103} INFO - Dependencies all met for dep_context=requeueable deps ti=<TaskInstance: IT_to_Pinecone_dag.GCS_to_Pinecone scheduled__2023-12-11T02:00:00+00:00 [queued]>
[2023-12-12T04:32:10.169+0000] {taskinstance.py:1308} INFO - Starting attempt 1 of 3
[2023-12-12T04:32:10.188+0000] {taskinstance.py:1327} INFO - Executing <Task(PythonOperator): GCS_to_Pinecone> on 2023-12-11 02:00:00+00:00
[2023-12-12T04:32:10.208+0000] {standard_task_runner.py:57} INFO - Started process 157 to run task
[2023-12-12T04:32:10.216+0000] {standard_task_runner.py:84} INFO - Running: ['***', 'tasks', 'run', 'IT_to_Pinecone_dag', 'GCS_to_Pinecone', 'scheduled__2023-12-11T02:00:00+00:00', '--job-id', '5', '--raw', '--subdir', 'DAGS_FOLDER/article_ingestion.py', '--cfg-path', '/tmp/tmphe_tzc04']
[2023-12-12T04:32:10.220+0000] {standard_task_runner.py:85} INFO - Job 5: Subtask GCS_to_Pinecone
[2023-12-12T04:32:10.304+0000] {task_command.py:410} INFO - Running <TaskInstance: IT_to_Pinecone_dag.GCS_to_Pinecone scheduled__2023-12-11T02:00:00+00:00 [running]> on host 271b37441abd
[2023-12-12T04:32:10.418+0000] {taskinstance.py:1545} INFO - Exporting env vars: AIRFLOW_CTX_DAG_EMAIL='***@***.com' AIRFLOW_CTX_DAG_OWNER='***' AIRFLOW_CTX_DAG_ID='IT_to_Pinecone_dag' AIRFLOW_CTX_TASK_ID='GCS_to_Pinecone' AIRFLOW_CTX_EXECUTION_DATE='2023-12-11T02:00:00+00:00' AIRFLOW_CTX_TRY_NUMBER='1' AIRFLOW_CTX_DAG_RUN_ID='scheduled__2023-12-11T02:00:00+00:00'
[2023-12-12T04:32:10.538+0000] {logging_mixin.py:149} WARNING - 0it [00:00, ?it/s]
[2023-12-12T04:32:10.538+0000] {logging_mixin.py:149} WARNING - 0it [00:00, ?it/s]
[2023-12-12T04:32:10.539+0000] {logging_mixin.py:149} WARNING - Upserted vectors: 0it [00:00, ?it/s]
[2023-12-12T04:32:10.540+0000] {logging_mixin.py:149} WARNING - Upserted vectors: 0it [00:00, ?it/s]
[2023-12-12T04:32:10.540+0000] {python.py:183} INFO - Done. Returned value was: None
[2023-12-12T04:32:10.553+0000] {taskinstance.py:1345} INFO - Marking task as SUCCESS. dag_id=IT_to_Pinecone_dag, task_id=GCS_to_Pinecone, execution_date=20231211T020000, start_date=20231212T043210, end_date=20231212T043210
[2023-12-12T04:32:10.628+0000] {local_task_job_runner.py:225} INFO - Task exited with return code 0
[2023-12-12T04:32:10.658+0000] {taskinstance.py:2651} INFO - 0 downstream tasks scheduled from follow-on schedule check
[2023-12-12T05:01:47.197+0000] {taskinstance.py:1103} INFO - Dependencies all met for dep_context=non-requeueable deps ti=<TaskInstance: IT_to_Pinecone_dag.GCS_to_Pinecone scheduled__2023-12-11T02:00:00+00:00 [queued]>
[2023-12-12T05:01:47.214+0000] {taskinstance.py:1103} INFO - Dependencies all met for dep_context=requeueable deps ti=<TaskInstance: IT_to_Pinecone_dag.GCS_to_Pinecone scheduled__2023-12-11T02:00:00+00:00 [queued]>
[2023-12-12T05:01:47.214+0000] {taskinstance.py:1308} INFO - Starting attempt 1 of 3
[2023-12-12T05:01:47.232+0000] {taskinstance.py:1327} INFO - Executing <Task(PythonOperator): GCS_to_Pinecone> on 2023-12-11 02:00:00+00:00
[2023-12-12T05:01:47.257+0000] {standard_task_runner.py:57} INFO - Started process 223 to run task
[2023-12-12T05:01:47.265+0000] {standard_task_runner.py:84} INFO - Running: ['***', 'tasks', 'run', 'IT_to_Pinecone_dag', 'GCS_to_Pinecone', 'scheduled__2023-12-11T02:00:00+00:00', '--job-id', '5', '--raw', '--subdir', 'DAGS_FOLDER/article_ingestion.py', '--cfg-path', '/tmp/tmp8rnxtr3i']
[2023-12-12T05:01:47.269+0000] {standard_task_runner.py:85} INFO - Job 5: Subtask GCS_to_Pinecone
[2023-12-12T05:01:47.343+0000] {task_command.py:410} INFO - Running <TaskInstance: IT_to_Pinecone_dag.GCS_to_Pinecone scheduled__2023-12-11T02:00:00+00:00 [running]> on host 2b4786193316
[2023-12-12T05:01:47.467+0000] {taskinstance.py:1545} INFO - Exporting env vars: AIRFLOW_CTX_DAG_EMAIL='***@***.com' AIRFLOW_CTX_DAG_OWNER='***' AIRFLOW_CTX_DAG_ID='IT_to_Pinecone_dag' AIRFLOW_CTX_TASK_ID='GCS_to_Pinecone' AIRFLOW_CTX_EXECUTION_DATE='2023-12-11T02:00:00+00:00' AIRFLOW_CTX_TRY_NUMBER='1' AIRFLOW_CTX_DAG_RUN_ID='scheduled__2023-12-11T02:00:00+00:00'
[2023-12-12T05:01:47.616+0000] {logging_mixin.py:149} WARNING - Upserted vectors: 0it [00:00, ?it/s]
[2023-12-12T05:01:47.619+0000] {logging_mixin.py:149} WARNING - Upserted vectors: 0it [00:00, ?it/s]
[2023-12-12T05:01:47.620+0000] {python.py:183} INFO - Done. Returned value was: None
[2023-12-12T05:01:47.649+0000] {taskinstance.py:1345} INFO - Marking task as SUCCESS. dag_id=IT_to_Pinecone_dag, task_id=GCS_to_Pinecone, execution_date=20231211T020000, start_date=20231212T050147, end_date=20231212T050147
[2023-12-12T05:01:47.721+0000] {local_task_job_runner.py:225} INFO - Task exited with return code 0
[2023-12-12T05:01:47.753+0000] {taskinstance.py:2651} INFO - 0 downstream tasks scheduled from follow-on schedule check
